[INFO] Scanning for projects...
[INFO]                                                                         
[INFO] ------------------------------------------------------------------------
[INFO] Building videostore 0.0.1-toy
[INFO] ------------------------------------------------------------------------
[INFO] 
[INFO] --- maven-resources-plugin:2.6:resources (default-resources) @ videostore ---
[INFO] Using 'UTF-8' encoding to copy filtered resources.
[INFO] skip non existing resourceDirectory /home/perham/Study/Experiments/NullExperiments/NullCheckProj/videostore/src/main/resources
[INFO] 
[INFO] --- maven-compiler-plugin:3.2:compile (default-compile) @ videostore ---
[INFO] Changes detected - recompiling the module!
[INFO] Compiling 7 source files to /home/perham/Study/Experiments/NullExperiments/NullCheckProj/videostore/target/classes
[INFO] 
[INFO] --- maven-resources-plugin:2.6:testResources (default-testResources) @ videostore ---
[INFO] Using 'UTF-8' encoding to copy filtered resources.
[INFO] skip non existing resourceDirectory /home/perham/Study/Experiments/NullExperiments/NullCheckProj/videostore/src/test/resources
[INFO] 
[INFO] --- maven-compiler-plugin:3.2:testCompile (default-testCompile) @ videostore ---
[INFO] Nothing to compile - all classes are up to date
[INFO] 
[INFO] --- maven-surefire-plugin:2.17:test (default-test) @ videostore ---
[INFO] Surefire report directory: /home/perham/Study/Experiments/NullExperiments/NullCheckProj/videostore/target/surefire-reports

-------------------------------------------------------
 T E S T S
-------------------------------------------------------
Running nul.study.videostore.Original.VideoStoreTest
Tests run: 4, Failures: 0, Errors: 4, Skipped: 0, Time elapsed: 0.038 sec <<< FAILURE! - in nul.study.videostore.Original.VideoStoreTest
testDualNewReleaseStatement(nul.study.videostore.Original.VideoStoreTest)  Time elapsed: 0.009 sec  <<< ERROR!
java.lang.NullPointerException: null
	at nul.study.videostore.Customer.addRental(Customer.java:14)
	at nul.study.videostore.Original.VideoStoreTest.testDualNewReleaseStatement(VideoStoreTest.java:32)

testSingleChildrensStatement(nul.study.videostore.Original.VideoStoreTest)  Time elapsed: 0 sec  <<< ERROR!
java.lang.NullPointerException: null
	at nul.study.videostore.Customer.addRental(Customer.java:14)
	at nul.study.videostore.Original.VideoStoreTest.testSingleChildrensStatement(VideoStoreTest.java:41)

testSingleNewReleaseStatement(nul.study.videostore.Original.VideoStoreTest)  Time elapsed: 0.001 sec  <<< ERROR!
java.lang.NullPointerException: null
	at nul.study.videostore.Customer.addRental(Customer.java:14)
	at nul.study.videostore.Original.VideoStoreTest.testSingleNewReleaseStatement(VideoStoreTest.java:25)

testMultipleRegularStatement(nul.study.videostore.Original.VideoStoreTest)  Time elapsed: 0.002 sec  <<< ERROR!
java.lang.NullPointerException: null
	at nul.study.videostore.Customer.addRental(Customer.java:14)
	at nul.study.videostore.Original.VideoStoreTest.testMultipleRegularStatement(VideoStoreTest.java:49)

Running nul.study.videostore.NullAdequate.Movie_NullAdequateTest
Tests run: 1, Failures: 0, Errors: 0, Skipped: 0, Time elapsed: 0 sec - in nul.study.videostore.NullAdequate.Movie_NullAdequateTest
Running nul.study.videostore.NullAdequate.Customer_NullAdequateTest
Tests run: 1, Failures: 0, Errors: 0, Skipped: 0, Time elapsed: 0 sec - in nul.study.videostore.NullAdequate.Customer_NullAdequateTest
Running nul.study.videostore.NullAdequate.Rental_NullAdequateTest
Tests run: 1, Failures: 0, Errors: 0, Skipped: 0, Time elapsed: 0 sec - in nul.study.videostore.NullAdequate.Rental_NullAdequateTest
Running nul.study.videostore.JavalancheAdequate.Movie_JavalancheAdequateTest
Tests run: 3, Failures: 0, Errors: 0, Skipped: 0, Time elapsed: 0 sec - in nul.study.videostore.JavalancheAdequate.Movie_JavalancheAdequateTest
Running nul.study.videostore.PITestAdequate.RentalStatementTest
Tests run: 1, Failures: 0, Errors: 0, Skipped: 0, Time elapsed: 0 sec - in nul.study.videostore.PITestAdequate.RentalStatementTest
Running nul.study.videostore.PITestAdequate.RegularMovieTest
Tests run: 2, Failures: 0, Errors: 0, Skipped: 0, Time elapsed: 0 sec - in nul.study.videostore.PITestAdequate.RegularMovieTest
Running nul.study.videostore.PITestAdequate.NewReleaseMovieTest
Tests run: 2, Failures: 0, Errors: 0, Skipped: 0, Time elapsed: 0 sec - in nul.study.videostore.PITestAdequate.NewReleaseMovieTest
Running nul.study.videostore.PITestAdequate.RentalTest
Tests run: 2, Failures: 0, Errors: 0, Skipped: 0, Time elapsed: 0 sec - in nul.study.videostore.PITestAdequate.RentalTest
Running nul.study.videostore.PITestAdequate.ChildrensMovieTest
Tests run: 2, Failures: 0, Errors: 0, Skipped: 0, Time elapsed: 0 sec - in nul.study.videostore.PITestAdequate.ChildrensMovieTest
Running nul.study.videostore.PITestAdequate.CustomerTest
Tests run: 3, Failures: 0, Errors: 3, Skipped: 0, Time elapsed: 0 sec <<< FAILURE! - in nul.study.videostore.PITestAdequate.CustomerTest
testMultipleChildrensStatement(nul.study.videostore.PITestAdequate.CustomerTest)  Time elapsed: 0 sec  <<< ERROR!
java.lang.NullPointerException: null
	at nul.study.videostore.Customer.addRental(Customer.java:14)
	at nul.study.videostore.PITestAdequate.CustomerTest.testMultipleChildrensStatement(CustomerTest.java:19)

testSingleNewReleaseStatement(nul.study.videostore.PITestAdequate.CustomerTest)  Time elapsed: 0 sec  <<< ERROR!
java.lang.NullPointerException: null
	at nul.study.videostore.Customer.addRental(Customer.java:14)
	at nul.study.videostore.PITestAdequate.CustomerTest.testSingleNewReleaseStatement(CustomerTest.java:30)

testRepeatNewReleaseStatement(nul.study.videostore.PITestAdequate.CustomerTest)  Time elapsed: 0 sec  <<< ERROR!
java.lang.NullPointerException: null
	at nul.study.videostore.Customer.statement(Customer.java:18)
	at nul.study.videostore.PITestAdequate.CustomerTest.testRepeatNewReleaseStatement(CustomerTest.java:38)


Results :

Tests in error: 
  VideoStoreTest.testDualNewReleaseStatement:32 » NullPointer
  VideoStoreTest.testSingleChildrensStatement:41 » NullPointer
  VideoStoreTest.testSingleNewReleaseStatement:25 » NullPointer
  VideoStoreTest.testMultipleRegularStatement:49 » NullPointer
  CustomerTest.testMultipleChildrensStatement:19 » NullPointer
  CustomerTest.testSingleNewReleaseStatement:30 » NullPointer
  CustomerTest.testRepeatNewReleaseStatement:38 » NullPointer

Tests run: 22, Failures: 0, Errors: 7, Skipped: 0

[INFO] ------------------------------------------------------------------------
[INFO] BUILD FAILURE
[INFO] ------------------------------------------------------------------------
[INFO] Total time: 2.163 s
[INFO] Finished at: 2016-10-16T21:21:32+02:00
[INFO] Final Memory: 14M/193M
[INFO] ------------------------------------------------------------------------
[ERROR] Failed to execute goal org.apache.maven.plugins:maven-surefire-plugin:2.17:test (default-test) on project videostore: There are test failures.
[ERROR] 
[ERROR] Please refer to /home/perham/Study/Experiments/NullExperiments/NullCheckProj/videostore/target/surefire-reports for the individual test results.
[ERROR] -> [Help 1]
[ERROR] 
[ERROR] To see the full stack trace of the errors, re-run Maven with the -e switch.
[ERROR] Re-run Maven using the -X switch to enable full debug logging.
[ERROR] 
[ERROR] For more information about the errors and possible solutions, please read the following articles:
[ERROR] [Help 1] http://cwiki.apache.org/confluence/display/MAVEN/MojoFailureException
