[INFO] Scanning for projects...
[INFO]                                                                         
[INFO] ------------------------------------------------------------------------
[INFO] Building videostore 0.0.1-toy
[INFO] ------------------------------------------------------------------------
[INFO] 
[INFO] --- maven-resources-plugin:2.6:resources (default-resources) @ videostore ---
[INFO] Using 'UTF-8' encoding to copy filtered resources.
[INFO] skip non existing resourceDirectory /home/perham/Study/Experiments/NullExperiments/NullCheckProj/videostore/src/main/resources
[INFO] 
[INFO] --- maven-compiler-plugin:3.2:compile (default-compile) @ videostore ---
[INFO] Changes detected - recompiling the module!
[INFO] Compiling 7 source files to /home/perham/Study/Experiments/NullExperiments/NullCheckProj/videostore/target/classes
[INFO] 
[INFO] --- maven-resources-plugin:2.6:testResources (default-testResources) @ videostore ---
[INFO] Using 'UTF-8' encoding to copy filtered resources.
[INFO] skip non existing resourceDirectory /home/perham/Study/Experiments/NullExperiments/NullCheckProj/videostore/src/test/resources
[INFO] 
[INFO] --- maven-compiler-plugin:3.2:testCompile (default-testCompile) @ videostore ---
[INFO] Nothing to compile - all classes are up to date
[INFO] 
[INFO] --- maven-surefire-plugin:2.17:test (default-test) @ videostore ---
[INFO] Surefire report directory: /home/perham/Study/Experiments/NullExperiments/NullCheckProj/videostore/target/surefire-reports

-------------------------------------------------------
 T E S T S
-------------------------------------------------------
Running nul.study.videostore.Original.VideoStoreTest
Tests run: 4, Failures: 4, Errors: 0, Skipped: 0, Time elapsed: 0.037 sec <<< FAILURE! - in nul.study.videostore.Original.VideoStoreTest
testDualNewReleaseStatement(nul.study.videostore.Original.VideoStoreTest)  Time elapsed: 0.011 sec  <<< FAILURE!
org.junit.ComparisonFailure: expected:<...al Record for Fred
	[The Cell	9.0
	The Tigger Movie	9.0
You owed 18.0
You earned 4] frequent renter poi...> but was:<...al Record for Fred
	[Untitled	3.5
	Untitled	3.5
You owed 7.0
You earned 2] frequent renter poi...>
	at org.junit.Assert.assertEquals(Assert.java:115)
	at org.junit.Assert.assertEquals(Assert.java:144)
	at nul.study.videostore.Original.VideoStoreTest.testDualNewReleaseStatement(VideoStoreTest.java:34)

testSingleChildrensStatement(nul.study.videostore.Original.VideoStoreTest)  Time elapsed: 0 sec  <<< FAILURE!
org.junit.ComparisonFailure: expected:<...al Record for Fred
	[The Tigger Movie	1.5
You owed 1].5
You earned 1 freq...> but was:<...al Record for Fred
	[Untitled	3.5
You owed 3].5
You earned 1 freq...>
	at org.junit.Assert.assertEquals(Assert.java:115)
	at org.junit.Assert.assertEquals(Assert.java:144)
	at nul.study.videostore.Original.VideoStoreTest.testSingleChildrensStatement(VideoStoreTest.java:42)

testSingleNewReleaseStatement(nul.study.videostore.Original.VideoStoreTest)  Time elapsed: 0 sec  <<< FAILURE!
org.junit.ComparisonFailure: expected:<...al Record for Fred
	[The Cell	9.0
You owed 9.0
You earned 2] frequent renter poi...> but was:<...al Record for Fred
	[Untitled	3.5
You owed 3.5
You earned 1] frequent renter poi...>
	at org.junit.Assert.assertEquals(Assert.java:115)
	at org.junit.Assert.assertEquals(Assert.java:144)
	at nul.study.videostore.Original.VideoStoreTest.testSingleNewReleaseStatement(VideoStoreTest.java:26)

testMultipleRegularStatement(nul.study.videostore.Original.VideoStoreTest)  Time elapsed: 0 sec  <<< FAILURE!
org.junit.ComparisonFailure: expected:<...al Record for Fred
	[Plan 9 from Outer Space	2.0
	8 1/2	2.0
	Eraserhea]d	3.5
You owed 7.5
Y...> but was:<...al Record for Fred
	[Untitled	2.0
	Untitled	2.0
	Untitle]d	3.5
You owed 7.5
Y...>
	at org.junit.Assert.assertEquals(Assert.java:115)
	at org.junit.Assert.assertEquals(Assert.java:144)
	at nul.study.videostore.Original.VideoStoreTest.testMultipleRegularStatement(VideoStoreTest.java:53)

Running nul.study.videostore.NullAdequate.Movie_NullAdequateTest
Tests run: 1, Failures: 0, Errors: 0, Skipped: 0, Time elapsed: 0 sec - in nul.study.videostore.NullAdequate.Movie_NullAdequateTest
Running nul.study.videostore.NullAdequate.Customer_NullAdequateTest
Tests run: 1, Failures: 0, Errors: 0, Skipped: 0, Time elapsed: 0 sec - in nul.study.videostore.NullAdequate.Customer_NullAdequateTest
Running nul.study.videostore.NullAdequate.Rental_NullAdequateTest
Tests run: 1, Failures: 1, Errors: 0, Skipped: 0, Time elapsed: 0 sec <<< FAILURE! - in nul.study.videostore.NullAdequate.Rental_NullAdequateTest
testMutant2(nul.study.videostore.NullAdequate.Rental_NullAdequateTest)  Time elapsed: 0 sec  <<< FAILURE!
java.lang.AssertionError: null
	at org.junit.Assert.fail(Assert.java:86)
	at org.junit.Assert.assertTrue(Assert.java:41)
	at org.junit.Assert.assertTrue(Assert.java:52)
	at nul.study.videostore.NullAdequate.Rental_NullAdequateTest.testMutant2(Rental_NullAdequateTest.java:21)

Running nul.study.videostore.JavalancheAdequate.Movie_JavalancheAdequateTest
Tests run: 3, Failures: 0, Errors: 0, Skipped: 0, Time elapsed: 0 sec - in nul.study.videostore.JavalancheAdequate.Movie_JavalancheAdequateTest
Running nul.study.videostore.PITestAdequate.RentalStatementTest
Tests run: 1, Failures: 0, Errors: 0, Skipped: 0, Time elapsed: 0 sec - in nul.study.videostore.PITestAdequate.RentalStatementTest
Running nul.study.videostore.PITestAdequate.RegularMovieTest
Tests run: 2, Failures: 0, Errors: 0, Skipped: 0, Time elapsed: 0 sec - in nul.study.videostore.PITestAdequate.RegularMovieTest
Running nul.study.videostore.PITestAdequate.NewReleaseMovieTest
Tests run: 2, Failures: 0, Errors: 0, Skipped: 0, Time elapsed: 0 sec - in nul.study.videostore.PITestAdequate.NewReleaseMovieTest
Running nul.study.videostore.PITestAdequate.RentalTest
Tests run: 2, Failures: 2, Errors: 0, Skipped: 0, Time elapsed: 0 sec <<< FAILURE! - in nul.study.videostore.PITestAdequate.RentalTest
testDetermineFrequentRenterPoints(nul.study.videostore.PITestAdequate.RentalTest)  Time elapsed: 0 sec  <<< FAILURE!
java.lang.AssertionError: expected:<1> but was:<2>
	at org.junit.Assert.fail(Assert.java:88)
	at org.junit.Assert.failNotEquals(Assert.java:743)
	at org.junit.Assert.assertEquals(Assert.java:118)
	at org.junit.Assert.assertEquals(Assert.java:555)
	at org.junit.Assert.assertEquals(Assert.java:542)
	at nul.study.videostore.PITestAdequate.RentalTest.testDetermineFrequentRenterPoints(RentalTest.java:61)

testDetermineAmount(nul.study.videostore.PITestAdequate.RentalTest)  Time elapsed: 0 sec  <<< FAILURE!
java.lang.AssertionError: expected:<2.0> but was:<1.5>
	at org.junit.Assert.fail(Assert.java:88)
	at org.junit.Assert.failNotEquals(Assert.java:743)
	at org.junit.Assert.assertEquals(Assert.java:494)
	at org.junit.Assert.assertEquals(Assert.java:592)
	at nul.study.videostore.PITestAdequate.RentalTest.testDetermineAmount(RentalTest.java:46)

Running nul.study.videostore.PITestAdequate.ChildrensMovieTest
Tests run: 2, Failures: 0, Errors: 0, Skipped: 0, Time elapsed: 0.001 sec - in nul.study.videostore.PITestAdequate.ChildrensMovieTest
Running nul.study.videostore.PITestAdequate.CustomerTest
Tests run: 3, Failures: 2, Errors: 0, Skipped: 0, Time elapsed: 0 sec <<< FAILURE! - in nul.study.videostore.PITestAdequate.CustomerTest
testMultipleChildrensStatement(nul.study.videostore.PITestAdequate.CustomerTest)  Time elapsed: 0 sec  <<< FAILURE!
org.junit.ComparisonFailure: expected:<...al Record for Fred
	[The Tigger Movie	1.5
	Jungle Book	4.5
You owed 6].0
You earned 2 freq...> but was:<...al Record for Fred
	[Untitled	3.5
	Untitled	6.5
You owed 10].0
You earned 2 freq...>
	at org.junit.Assert.assertEquals(Assert.java:115)
	at org.junit.Assert.assertEquals(Assert.java:144)
	at nul.study.videostore.PITestAdequate.CustomerTest.testMultipleChildrensStatement(CustomerTest.java:22)

testSingleNewReleaseStatement(nul.study.videostore.PITestAdequate.CustomerTest)  Time elapsed: 0 sec  <<< FAILURE!
org.junit.ComparisonFailure: expected:<...al Record for Fred
	[The Cell	3.0
You owed 3].0
You earned 1 freq...> but was:<...al Record for Fred
	[Untitled	2.0
You owed 2].0
You earned 1 freq...>
	at org.junit.Assert.assertEquals(Assert.java:115)
	at org.junit.Assert.assertEquals(Assert.java:144)
	at nul.study.videostore.PITestAdequate.CustomerTest.testSingleNewReleaseStatement(CustomerTest.java:31)


Results :

Failed tests: 
  VideoStoreTest.testDualNewReleaseStatement:34 expected:<...al Record for Fred
	[The Cell	9.0
	The Tigger Movie	9.0
You owed 18.0
You earned 4] frequent renter poi...> but was:<...al Record for Fred
	[Untitled	3.5
	Untitled	3.5
You owed 7.0
You earned 2] frequent renter poi...>
  VideoStoreTest.testSingleChildrensStatement:42 expected:<...al Record for Fred
	[The Tigger Movie	1.5
You owed 1].5
You earned 1 freq...> but was:<...al Record for Fred
	[Untitled	3.5
You owed 3].5
You earned 1 freq...>
  VideoStoreTest.testSingleNewReleaseStatement:26 expected:<...al Record for Fred
	[The Cell	9.0
You owed 9.0
You earned 2] frequent renter poi...> but was:<...al Record for Fred
	[Untitled	3.5
You owed 3.5
You earned 1] frequent renter poi...>
  VideoStoreTest.testMultipleRegularStatement:53 expected:<...al Record for Fred
	[Plan 9 from Outer Space	2.0
	8 1/2	2.0
	Eraserhea]d	3.5
You owed 7.5
Y...> but was:<...al Record for Fred
	[Untitled	2.0
	Untitled	2.0
	Untitle]d	3.5
You owed 7.5
Y...>
  Rental_NullAdequateTest.testMutant2:21 null
  RentalTest.testDetermineFrequentRenterPoints:61 expected:<1> but was:<2>
  RentalTest.testDetermineAmount:46 expected:<2.0> but was:<1.5>
  CustomerTest.testMultipleChildrensStatement:22 expected:<...al Record for Fred
	[The Tigger Movie	1.5
	Jungle Book	4.5
You owed 6].0
You earned 2 freq...> but was:<...al Record for Fred
	[Untitled	3.5
	Untitled	6.5
You owed 10].0
You earned 2 freq...>
  CustomerTest.testSingleNewReleaseStatement:31 expected:<...al Record for Fred
	[The Cell	3.0
You owed 3].0
You earned 1 freq...> but was:<...al Record for Fred
	[Untitled	2.0
You owed 2].0
You earned 1 freq...>

Tests run: 22, Failures: 9, Errors: 0, Skipped: 0

[INFO] ------------------------------------------------------------------------
[INFO] BUILD FAILURE
[INFO] ------------------------------------------------------------------------
[INFO] Total time: 1.975 s
[INFO] Finished at: 2016-10-16T21:22:12+02:00
[INFO] Final Memory: 14M/193M
[INFO] ------------------------------------------------------------------------
[ERROR] Failed to execute goal org.apache.maven.plugins:maven-surefire-plugin:2.17:test (default-test) on project videostore: There are test failures.
[ERROR] 
[ERROR] Please refer to /home/perham/Study/Experiments/NullExperiments/NullCheckProj/videostore/target/surefire-reports for the individual test results.
[ERROR] -> [Help 1]
[ERROR] 
[ERROR] To see the full stack trace of the errors, re-run Maven with the -e switch.
[ERROR] Re-run Maven using the -X switch to enable full debug logging.
[ERROR] 
[ERROR] For more information about the errors and possible solutions, please read the following articles:
[ERROR] [Help 1] http://cwiki.apache.org/confluence/display/MAVEN/MojoFailureException
